10:33:39.206 [restartedMain] INFO  c.c.CsitApplication - [logStarting,50] - Starting CsitApplication on MacBook-Proharry.local with PID 2548 (/Users/harryzhu/Downloads/chuangsuoit/chuangsuoit/csit-admin/target/classes started by harryzhu in /Users/harryzhu/Downloads/chuangsuoit/chuangsuoit)
10:33:39.211 [restartedMain] INFO  c.c.CsitApplication - [logStartupProfileInfo,679] - The following profiles are active: druid
10:33:39.380 [restartedMain] INFO  o.s.b.d.e.DevToolsPropertyDefaultsPostProcessor - [logTo,227] - Devtools property defaults active! Set 'spring.devtools.add-properties' to 'false' to disable
10:33:39.381 [restartedMain] INFO  o.s.b.d.e.DevToolsPropertyDefaultsPostProcessor - [logTo,227] - For additional web related logging consider setting the 'logging.level.web' property to 'DEBUG'
10:33:41.700 [restartedMain] INFO  o.a.s.c.e.EhCacheManager - [getCache,158] - Cache with name 'com.csit.framework.shiro.realm.UserRealm.authorizationCache' does not yet exist.  Creating now.
10:33:41.701 [restartedMain] INFO  o.a.s.c.e.EhCacheManager - [getCache,165] - Added EhCache named [com.csit.framework.shiro.realm.UserRealm.authorizationCache]
10:33:42.642 [restartedMain] INFO  o.a.s.c.e.EhCacheManager - [getCache,169] - Using existing EHCache named [loginRecordCache]
10:33:42.909 [restartedMain] INFO  o.a.s.c.e.EhCacheManager - [getCache,169] - Using existing EHCache named [sys-userCache]
10:33:42.909 [restartedMain] INFO  o.a.s.c.e.EhCacheManager - [getCache,169] - Using existing EHCache named [sys-userCache]
10:33:43.380 [restartedMain] INFO  o.s.b.w.e.t.TomcatWebServer - [initialize,90] - Tomcat initialized with port(s): 80 (http)
10:33:43.392 [restartedMain] INFO  o.a.c.h.Http11NioProtocol - [log,173] - Initializing ProtocolHandler ["http-nio-80"]
10:33:43.400 [restartedMain] INFO  o.a.c.c.StandardService - [log,173] - Starting service [Tomcat]
10:33:43.400 [restartedMain] INFO  o.a.c.c.StandardEngine - [log,173] - Starting Servlet Engine: Apache Tomcat/9.0.13
10:33:43.407 [restartedMain] INFO  o.a.c.c.AprLifecycleListener - [log,173] - The APR based Apache Tomcat Native library which allows optimal performance in production environments was not found on the java.library.path: [/Users/harryzhu/Library/Java/Extensions:/Library/Java/Extensions:/Network/Library/Java/Extensions:/System/Library/Java/Extensions:/usr/lib/java:.]
10:33:43.483 [restartedMain] INFO  o.a.c.c.C.[.[.[/] - [log,173] - Initializing Spring embedded WebApplicationContext
10:33:46.695 [restartedMain] INFO  c.a.d.p.DruidDataSource - [init,991] - {dataSource-1} inited
10:33:46.734 [restartedMain] INFO  o.q.i.StdSchedulerFactory - [instantiate,1208] - Using default implementation for ThreadExecutor
10:33:46.746 [restartedMain] INFO  o.q.c.SchedulerSignalerImpl - [<init>,61] - Initialized Scheduler Signaller of type: class org.quartz.core.SchedulerSignalerImpl
10:33:46.746 [restartedMain] INFO  o.q.c.QuartzScheduler - [<init>,229] - Quartz Scheduler v.2.3.0 created.
10:33:46.753 [restartedMain] INFO  o.q.c.QuartzScheduler - [initialize,294] - Scheduler meta-data: Quartz Scheduler (v2.3.0) 'CsitScheduler' with instanceId 'MacBook-Proharry.local1593311626735'
  Scheduler class: 'org.quartz.core.QuartzScheduler' - running locally.
  NOT STARTED.
  Currently in standby mode.
  Number of jobs executed: 0
  Using thread pool 'org.quartz.simpl.SimpleThreadPool' - with 20 threads.
  Using job-store 'org.springframework.scheduling.quartz.LocalDataSourceJobStore' - which supports persistence. and is clustered.

10:33:46.753 [restartedMain] INFO  o.q.i.StdSchedulerFactory - [instantiate,1362] - Quartz scheduler 'CsitScheduler' initialized from an externally provided properties instance.
10:33:46.753 [restartedMain] INFO  o.q.i.StdSchedulerFactory - [instantiate,1366] - Quartz scheduler version: 2.3.0
10:33:46.755 [restartedMain] INFO  o.q.c.QuartzScheduler - [setJobFactory,2287] - JobFactory set to: org.springframework.scheduling.quartz.AdaptableJobFactory@7437519a
10:33:55.753 [restartedMain] INFO  s.d.s.w.PropertySourcedRequestMappingHandlerMapping - [initHandlerMethods,69] - Mapped URL path [/v2/api-docs] onto method [public org.springframework.http.ResponseEntity<springfox.documentation.spring.web.json.Json> springfox.documentation.swagger2.web.Swagger2Controller.getDocumentation(java.lang.String,javax.servlet.http.HttpServletRequest)]
10:33:56.155 [restartedMain] INFO  o.s.b.d.a.OptionalLiveReloadServer - [startServer,57] - LiveReload server is running on port 35729
10:33:56.360 [restartedMain] INFO  o.s.b.a.w.s.WelcomePageHandlerMapping - [<init>,61] - Adding welcome page template: index
10:33:56.626 [restartedMain] INFO  s.d.s.w.p.DocumentationPluginsBootstrapper - [start,160] - Context refreshed
10:33:56.642 [restartedMain] INFO  s.d.s.w.p.DocumentationPluginsBootstrapper - [start,163] - Found 1 custom documentation plugin(s)
10:33:56.720 [restartedMain] INFO  s.d.s.w.s.ApiListingReferenceScanner - [scan,41] - Scanning for api listing references
10:33:56.892 [restartedMain] INFO  s.d.s.w.r.o.CachingOperationNameGenerator - [startingWith,40] - Generating unique operation named: DeviceDataListUsingGET_1
10:33:56.956 [restartedMain] INFO  o.a.c.h.Http11NioProtocol - [log,173] - Starting ProtocolHandler ["http-nio-80"]
10:33:56.979 [restartedMain] INFO  o.a.t.u.n.NioSelectorPool - [log,173] - Using a shared selector for servlet write/read
10:33:57.261 [restartedMain] INFO  o.s.b.w.e.t.TomcatWebServer - [start,204] - Tomcat started on port(s): 80 (http) with context path ''
10:33:57.266 [restartedMain] INFO  c.c.CsitApplication - [logStarted,59] - Started CsitApplication in 18.822 seconds (JVM running for 20.45)
10:33:58.473 [Quartz Scheduler [CsitScheduler]] INFO  o.q.c.QuartzScheduler - [start,547] - Scheduler CsitScheduler_$_MacBook-Proharry.local1593311626735 started.
10:34:21.312 [http-nio-80-exec-1] INFO  o.a.c.c.C.[.[.[/] - [log,173] - Initializing Spring DispatcherServlet 'dispatcherServlet'
10:34:21.344 [http-nio-80-exec-1] INFO  o.a.s.s.m.AbstractValidatingSessionManager - [enableSessionValidation,233] - Enabling session validation scheduler...
10:34:21.347 [http-nio-80-exec-1] INFO  o.a.s.c.e.EhCacheManager - [getCache,169] - Using existing EHCache named [shiro-activeSessionCache]
10:34:22.345 [schedule-pool-1] INFO  c.c.f.s.w.s.OnlineWebSessionManager - [validateSessions,100] - invalidation sessions...
10:34:22.395 [schedule-pool-1] INFO  c.c.f.s.w.s.OnlineWebSessionManager - [validateSessions,159] - Finished invalidation session. No sessions were stopped.
10:34:28.133 [schedule-pool-2] INFO  sys-user - [run,108] - [127.0.0.1]内网IP[admin][Error][验证码错误]
10:34:31.971 [schedule-pool-3] INFO  sys-user - [run,108] - [127.0.0.1]内网IP[admin][Success][登录成功]
10:44:22.369 [schedule-pool-1] INFO  c.c.f.s.w.s.OnlineWebSessionManager - [validateSessions,100] - invalidation sessions...
10:44:22.417 [schedule-pool-1] INFO  c.c.f.s.w.s.OnlineWebSessionManager - [validateSessions,159] - Finished invalidation session. No sessions were stopped.
10:54:22.393 [schedule-pool-3] INFO  c.c.f.s.w.s.OnlineWebSessionManager - [validateSessions,100] - invalidation sessions...
10:54:22.436 [schedule-pool-3] INFO  c.c.f.s.w.s.OnlineWebSessionManager - [validateSessions,159] - Finished invalidation session. No sessions were stopped.
11:04:22.414 [schedule-pool-5] INFO  c.c.f.s.w.s.OnlineWebSessionManager - [validateSessions,100] - invalidation sessions...
11:04:22.506 [schedule-pool-5] INFO  c.c.f.s.w.s.OnlineWebSessionManager - [validateSessions,159] - Finished invalidation session. No sessions were stopped.
11:14:22.440 [schedule-pool-2] INFO  c.c.f.s.w.s.OnlineWebSessionManager - [validateSessions,100] - invalidation sessions...
11:14:22.674 [schedule-pool-2] INFO  c.c.f.s.w.s.OnlineWebSessionManager - [validateSessions,159] - Finished invalidation session. [1] sessions were stopped.
11:24:22.456 [schedule-pool-4] INFO  c.c.f.s.w.s.OnlineWebSessionManager - [validateSessions,100] - invalidation sessions...
11:24:22.500 [schedule-pool-4] INFO  c.c.f.s.w.s.OnlineWebSessionManager - [validateSessions,159] - Finished invalidation session. No sessions were stopped.
11:34:22.483 [schedule-pool-1] INFO  c.c.f.s.w.s.OnlineWebSessionManager - [validateSessions,100] - invalidation sessions...
11:34:22.529 [schedule-pool-1] INFO  c.c.f.s.w.s.OnlineWebSessionManager - [validateSessions,159] - Finished invalidation session. No sessions were stopped.
11:44:22.498 [schedule-pool-6] INFO  c.c.f.s.w.s.OnlineWebSessionManager - [validateSessions,100] - invalidation sessions...
11:44:22.547 [schedule-pool-6] INFO  c.c.f.s.w.s.OnlineWebSessionManager - [validateSessions,159] - Finished invalidation session. No sessions were stopped.
11:54:22.524 [schedule-pool-3] INFO  c.c.f.s.w.s.OnlineWebSessionManager - [validateSessions,100] - invalidation sessions...
11:54:22.573 [schedule-pool-3] INFO  c.c.f.s.w.s.OnlineWebSessionManager - [validateSessions,159] - Finished invalidation session. No sessions were stopped.
13:05:47.171 [schedule-pool-7] INFO  c.c.f.s.w.s.OnlineWebSessionManager - [validateSessions,100] - invalidation sessions...
13:05:47.218 [schedule-pool-7] INFO  c.c.f.s.w.s.OnlineWebSessionManager - [validateSessions,159] - Finished invalidation session. No sessions were stopped.
13:15:47.188 [schedule-pool-5] INFO  c.c.f.s.w.s.OnlineWebSessionManager - [validateSessions,100] - invalidation sessions...
13:15:47.234 [schedule-pool-5] INFO  c.c.f.s.w.s.OnlineWebSessionManager - [validateSessions,159] - Finished invalidation session. No sessions were stopped.
13:25:47.219 [schedule-pool-8] INFO  c.c.f.s.w.s.OnlineWebSessionManager - [validateSessions,100] - invalidation sessions...
13:25:47.265 [schedule-pool-8] INFO  c.c.f.s.w.s.OnlineWebSessionManager - [validateSessions,159] - Finished invalidation session. No sessions were stopped.
13:35:47.235 [schedule-pool-2] INFO  c.c.f.s.w.s.OnlineWebSessionManager - [validateSessions,100] - invalidation sessions...
13:35:47.283 [schedule-pool-2] INFO  c.c.f.s.w.s.OnlineWebSessionManager - [validateSessions,159] - Finished invalidation session. No sessions were stopped.
13:45:47.264 [schedule-pool-9] INFO  c.c.f.s.w.s.OnlineWebSessionManager - [validateSessions,100] - invalidation sessions...
13:45:47.340 [schedule-pool-9] INFO  c.c.f.s.w.s.OnlineWebSessionManager - [validateSessions,159] - Finished invalidation session. No sessions were stopped.
13:55:47.281 [schedule-pool-4] INFO  c.c.f.s.w.s.OnlineWebSessionManager - [validateSessions,100] - invalidation sessions...
13:55:47.438 [schedule-pool-4] INFO  c.c.f.s.w.s.OnlineWebSessionManager - [validateSessions,159] - Finished invalidation session. No sessions were stopped.
14:05:47.303 [schedule-pool-10] INFO  c.c.f.s.w.s.OnlineWebSessionManager - [validateSessions,100] - invalidation sessions...
14:05:47.406 [schedule-pool-10] INFO  c.c.f.s.w.s.OnlineWebSessionManager - [validateSessions,159] - Finished invalidation session. No sessions were stopped.
14:15:47.325 [schedule-pool-1] INFO  c.c.f.s.w.s.OnlineWebSessionManager - [validateSessions,100] - invalidation sessions...
14:15:47.373 [schedule-pool-1] INFO  c.c.f.s.w.s.OnlineWebSessionManager - [validateSessions,159] - Finished invalidation session. No sessions were stopped.
14:25:47.348 [schedule-pool-11] INFO  c.c.f.s.w.s.OnlineWebSessionManager - [validateSessions,100] - invalidation sessions...
14:25:47.398 [schedule-pool-11] INFO  c.c.f.s.w.s.OnlineWebSessionManager - [validateSessions,159] - Finished invalidation session. No sessions were stopped.
14:35:47.360 [schedule-pool-6] INFO  c.c.f.s.w.s.OnlineWebSessionManager - [validateSessions,100] - invalidation sessions...
14:35:47.401 [schedule-pool-6] INFO  c.c.f.s.w.s.OnlineWebSessionManager - [validateSessions,159] - Finished invalidation session. No sessions were stopped.
14:45:47.376 [schedule-pool-12] INFO  c.c.f.s.w.s.OnlineWebSessionManager - [validateSessions,100] - invalidation sessions...
14:45:47.426 [schedule-pool-12] INFO  c.c.f.s.w.s.OnlineWebSessionManager - [validateSessions,159] - Finished invalidation session. No sessions were stopped.
14:55:47.405 [schedule-pool-3] INFO  c.c.f.s.w.s.OnlineWebSessionManager - [validateSessions,100] - invalidation sessions...
14:55:47.454 [schedule-pool-3] INFO  c.c.f.s.w.s.OnlineWebSessionManager - [validateSessions,159] - Finished invalidation session. No sessions were stopped.
15:04:40.659 [schedule-pool-7] INFO  sys-user - [run,108] - [127.0.0.1]内网IP[admin][Success][登录成功]
15:05:47.419 [schedule-pool-14] INFO  c.c.f.s.w.s.OnlineWebSessionManager - [validateSessions,100] - invalidation sessions...
15:05:47.651 [schedule-pool-14] INFO  c.c.f.s.w.s.OnlineWebSessionManager - [validateSessions,159] - Finished invalidation session. No sessions were stopped.
15:15:47.437 [schedule-pool-2] INFO  c.c.f.s.w.s.OnlineWebSessionManager - [validateSessions,100] - invalidation sessions...
15:15:47.479 [schedule-pool-2] INFO  c.c.f.s.w.s.OnlineWebSessionManager - [validateSessions,159] - Finished invalidation session. No sessions were stopped.
15:25:47.460 [schedule-pool-17] INFO  c.c.f.s.w.s.OnlineWebSessionManager - [validateSessions,100] - invalidation sessions...
15:25:47.541 [schedule-pool-17] INFO  c.c.f.s.w.s.OnlineWebSessionManager - [validateSessions,159] - Finished invalidation session. No sessions were stopped.
15:35:47.479 [schedule-pool-9] INFO  c.c.f.s.w.s.OnlineWebSessionManager - [validateSessions,100] - invalidation sessions...
15:35:47.636 [schedule-pool-9] INFO  c.c.f.s.w.s.OnlineWebSessionManager - [validateSessions,159] - Finished invalidation session. [1] sessions were stopped.
15:45:47.504 [schedule-pool-18] INFO  c.c.f.s.w.s.OnlineWebSessionManager - [validateSessions,100] - invalidation sessions...
15:45:47.587 [schedule-pool-18] INFO  c.c.f.s.w.s.OnlineWebSessionManager - [validateSessions,159] - Finished invalidation session. No sessions were stopped.
15:55:47.523 [schedule-pool-4] INFO  c.c.f.s.w.s.OnlineWebSessionManager - [validateSessions,100] - invalidation sessions...
15:55:47.563 [schedule-pool-4] INFO  c.c.f.s.w.s.OnlineWebSessionManager - [validateSessions,159] - Finished invalidation session. No sessions were stopped.
16:05:47.541 [schedule-pool-19] INFO  c.c.f.s.w.s.OnlineWebSessionManager - [validateSessions,100] - invalidation sessions...
16:05:47.619 [schedule-pool-19] INFO  c.c.f.s.w.s.OnlineWebSessionManager - [validateSessions,159] - Finished invalidation session. No sessions were stopped.
16:15:47.564 [schedule-pool-10] INFO  c.c.f.s.w.s.OnlineWebSessionManager - [validateSessions,100] - invalidation sessions...
16:15:47.652 [schedule-pool-10] INFO  c.c.f.s.w.s.OnlineWebSessionManager - [validateSessions,159] - Finished invalidation session. No sessions were stopped.
16:25:47.591 [schedule-pool-20] INFO  c.c.f.s.w.s.OnlineWebSessionManager - [validateSessions,100] - invalidation sessions...
16:25:47.638 [schedule-pool-20] INFO  c.c.f.s.w.s.OnlineWebSessionManager - [validateSessions,159] - Finished invalidation session. No sessions were stopped.
16:35:47.605 [schedule-pool-1] INFO  c.c.f.s.w.s.OnlineWebSessionManager - [validateSessions,100] - invalidation sessions...
16:35:47.651 [schedule-pool-1] INFO  c.c.f.s.w.s.OnlineWebSessionManager - [validateSessions,159] - Finished invalidation session. No sessions were stopped.
16:45:47.629 [schedule-pool-21] INFO  c.c.f.s.w.s.OnlineWebSessionManager - [validateSessions,100] - invalidation sessions...
16:45:47.673 [schedule-pool-21] INFO  c.c.f.s.w.s.OnlineWebSessionManager - [validateSessions,159] - Finished invalidation session. No sessions were stopped.
16:55:47.653 [schedule-pool-11] INFO  c.c.f.s.w.s.OnlineWebSessionManager - [validateSessions,100] - invalidation sessions...
16:55:47.697 [schedule-pool-11] INFO  c.c.f.s.w.s.OnlineWebSessionManager - [validateSessions,159] - Finished invalidation session. No sessions were stopped.
17:05:47.671 [schedule-pool-22] INFO  c.c.f.s.w.s.OnlineWebSessionManager - [validateSessions,100] - invalidation sessions...
17:05:47.758 [schedule-pool-22] INFO  c.c.f.s.w.s.OnlineWebSessionManager - [validateSessions,159] - Finished invalidation session. No sessions were stopped.
17:15:47.696 [schedule-pool-6] INFO  c.c.f.s.w.s.OnlineWebSessionManager - [validateSessions,100] - invalidation sessions...
17:15:47.744 [schedule-pool-6] INFO  c.c.f.s.w.s.OnlineWebSessionManager - [validateSessions,159] - Finished invalidation session. No sessions were stopped.
17:25:47.719 [schedule-pool-23] INFO  c.c.f.s.w.s.OnlineWebSessionManager - [validateSessions,100] - invalidation sessions...
17:25:47.764 [schedule-pool-23] INFO  c.c.f.s.w.s.OnlineWebSessionManager - [validateSessions,159] - Finished invalidation session. No sessions were stopped.
17:35:47.741 [schedule-pool-12] INFO  c.c.f.s.w.s.OnlineWebSessionManager - [validateSessions,100] - invalidation sessions...
17:35:47.790 [schedule-pool-12] INFO  c.c.f.s.w.s.OnlineWebSessionManager - [validateSessions,159] - Finished invalidation session. No sessions were stopped.
17:45:47.762 [schedule-pool-24] INFO  c.c.f.s.w.s.OnlineWebSessionManager - [validateSessions,100] - invalidation sessions...
17:45:47.862 [schedule-pool-24] INFO  c.c.f.s.w.s.OnlineWebSessionManager - [validateSessions,159] - Finished invalidation session. No sessions were stopped.
19:29:54.742 [schedule-pool-3] INFO  c.c.f.s.w.s.OnlineWebSessionManager - [validateSessions,100] - invalidation sessions...
19:29:54.789 [schedule-pool-3] INFO  c.c.f.s.w.s.OnlineWebSessionManager - [validateSessions,159] - Finished invalidation session. No sessions were stopped.
